<?xml version="1.0" encoding="UTF-8"?>
<testng-results ignored="0" total="2" passed="2" failed="0" skipped="0">
  <reporter-output>
  </reporter-output>
  <suite started-at="2021-10-07T17:00:54Z" name="Default suite" finished-at="2021-10-07T17:01:34Z" duration-ms="40565">
    <groups>
    </groups>
    <test started-at="2021-10-07T17:00:54Z" name="Default test" finished-at="2021-10-07T17:01:34Z" duration-ms="40565">
      <class name="Org.testNG.CreatingXml">
        <test-method signature="beforeclass()[pri:0, instance:Org.testNG.CreatingXml@3e6f3f28]" started-at="2021-10-07T17:00:54Z" name="beforeclass" finished-at="2021-10-07T17:01:12Z" duration-ms="18716" status="PASS">
          <reporter-output>
          </reporter-output>
        </test-method> <!-- beforeclass -->
        <test-method signature="method1()[pri:0, instance:Org.testNG.CreatingXml@3e6f3f28]" started-at="2021-10-07T17:01:12Z" name="method1" finished-at="2021-10-07T17:01:34Z" duration-ms="21803" status="PASS">
          <reporter-output>
          </reporter-output>
        </test-method> <!-- method1 -->
      </class> <!-- Org.testNG.CreatingXml -->
    </test> <!-- Default test -->
  </suite> <!-- Default suite -->
</testng-results>
